

Started GET "/messages?nonce=1448149101954" for 117.205.22.53 at 2015-11-21 18:39:52 -0500
  [1m[36mActiveRecord::SchemaMigration Load (0.1ms)[0m  [1mSELECT "schema_migrations".* FROM "schema_migrations"[0m
Processing by MessagesController#index as HTML
  Parameters: {"nonce"=>"1448149101954"}
  [1m[35mMessage Load (0.2ms)[0m  SELECT "messages".* FROM "messages"
  Rendered messages/index.html.erb within layouts/application (7.1ms)
Completed 200 OK in 728ms (Views: 717.3ms | ActiveRecord: 0.6ms)


Started GET "/assets/messages.css?body=1" for 117.205.22.53 at 2015-11-21 18:39:53 -0500


Started GET "/assets/application.css?body=1" for 117.205.22.53 at 2015-11-21 18:39:53 -0500


Started GET "/assets/jquery.js?body=1" for 117.205.22.53 at 2015-11-21 18:39:53 -0500


Started GET "/assets/jquery_ujs.js?body=1" for 117.205.22.53 at 2015-11-21 18:39:53 -0500


Started GET "/assets/turbolinks.js?body=1" for 117.205.22.53 at 2015-11-21 18:39:53 -0500


Started GET "/assets/communication.js?body=1" for 117.205.22.53 at 2015-11-21 18:39:54 -0500


Started GET "/assets/messages.js?body=1" for 117.205.22.53 at 2015-11-21 18:39:54 -0500


Started GET "/assets/application.js?body=1" for 117.205.22.53 at 2015-11-21 18:39:54 -0500


Started GET "/communication.js" for 117.205.22.53 at 2015-11-21 18:39:54 -0500

ActionController::RoutingError (No route matches [GET] "/communication.js"):
  actionpack (4.1.1) lib/action_dispatch/middleware/debug_exceptions.rb:21:in `call'
  actionpack (4.1.1) lib/action_dispatch/middleware/show_exceptions.rb:30:in `call'
  railties (4.1.1) lib/rails/rack/logger.rb:38:in `call_app'
  railties (4.1.1) lib/rails/rack/logger.rb:20:in `block in call'
  activesupport (4.1.1) lib/active_support/tagged_logging.rb:68:in `block in tagged'
  activesupport (4.1.1) lib/active_support/tagged_logging.rb:26:in `tagged'
  activesupport (4.1.1) lib/active_support/tagged_logging.rb:68:in `tagged'
  railties (4.1.1) lib/rails/rack/logger.rb:20:in `call'
  actionpack (4.1.1) lib/action_dispatch/middleware/request_id.rb:21:in `call'
  rack (1.5.2) lib/rack/methodoverride.rb:21:in `call'
  rack (1.5.2) lib/rack/runtime.rb:17:in `call'
  activesupport (4.1.1) lib/active_support/cache/strategy/local_cache_middleware.rb:26:in `call'
  rack (1.5.2) lib/rack/lock.rb:17:in `call'
  actionpack (4.1.1) lib/action_dispatch/middleware/static.rb:64:in `call'
  rack (1.5.2) lib/rack/sendfile.rb:112:in `call'
  railties (4.1.1) lib/rails/engine.rb:514:in `call'
  railties (4.1.1) lib/rails/application.rb:144:in `call'
  rack (1.5.2) lib/rack/lock.rb:17:in `call'
  rack (1.5.2) lib/rack/content_length.rb:14:in `call'
  rack (1.5.2) lib/rack/handler/webrick.rb:60:in `service'
  /usr/lib/ruby/2.0.0/webrick/httpserver.rb:138:in `service'
  /usr/lib/ruby/2.0.0/webrick/httpserver.rb:94:in `run'
  /usr/lib/ruby/2.0.0/webrick/server.rb:295:in `block in start_thread'


  Rendered /var/lib/gems/2.0.0/gems/actionpack-4.1.1/lib/action_dispatch/middleware/templates/rescues/_trace.html.erb (1.0ms)
  Rendered /var/lib/gems/2.0.0/gems/actionpack-4.1.1/lib/action_dispatch/middleware/templates/routes/_route.html.erb (1.4ms)
  Rendered /var/lib/gems/2.0.0/gems/actionpack-4.1.1/lib/action_dispatch/middleware/templates/routes/_table.html.erb (8.0ms)
  Rendered /var/lib/gems/2.0.0/gems/actionpack-4.1.1/lib/action_dispatch/middleware/templates/rescues/routing_error.html.erb within rescues/layout (30.2ms)


Started GET "/messages?nonce=1448149127307" for 117.205.22.53 at 2015-11-21 18:40:16 -0500
Processing by MessagesController#index as HTML
  Parameters: {"nonce"=>"1448149127307"}
  [1m[36mMessage Load (0.2ms)[0m  [1mSELECT "messages".* FROM "messages"[0m
  Rendered messages/index.html.erb within layouts/application (1.3ms)
Completed 200 OK in 64ms (Views: 62.5ms | ActiveRecord: 0.2ms)


Started GET "/assets/messages.css?body=1" for 117.205.22.53 at 2015-11-21 18:40:16 -0500


Started GET "/communication.js" for 117.205.22.53 at 2015-11-21 18:40:17 -0500

ActionController::RoutingError (No route matches [GET] "/communication.js"):
  actionpack (4.1.1) lib/action_dispatch/middleware/debug_exceptions.rb:21:in `call'
  actionpack (4.1.1) lib/action_dispatch/middleware/show_exceptions.rb:30:in `call'
  railties (4.1.1) lib/rails/rack/logger.rb:38:in `call_app'
  railties (4.1.1) lib/rails/rack/logger.rb:20:in `block in call'
  activesupport (4.1.1) lib/active_support/tagged_logging.rb:68:in `block in tagged'
  activesupport (4.1.1) lib/active_support/tagged_logging.rb:26:in `tagged'
  activesupport (4.1.1) lib/active_support/tagged_logging.rb:68:in `tagged'
  railties (4.1.1) lib/rails/rack/logger.rb:20:in `call'
  actionpack (4.1.1) lib/action_dispatch/middleware/request_id.rb:21:in `call'
  rack (1.5.2) lib/rack/methodoverride.rb:21:in `call'
  rack (1.5.2) lib/rack/runtime.rb:17:in `call'
  activesupport (4.1.1) lib/active_support/cache/strategy/local_cache_middleware.rb:26:in `call'
  rack (1.5.2) lib/rack/lock.rb:17:in `call'
  actionpack (4.1.1) lib/action_dispatch/middleware/static.rb:64:in `call'
  rack (1.5.2) lib/rack/sendfile.rb:112:in `call'
  railties (4.1.1) lib/rails/engine.rb:514:in `call'
  railties (4.1.1) lib/rails/application.rb:144:in `call'
  rack (1.5.2) lib/rack/lock.rb:17:in `call'
  rack (1.5.2) lib/rack/content_length.rb:14:in `call'
  rack (1.5.2) lib/rack/handler/webrick.rb:60:in `service'
  /usr/lib/ruby/2.0.0/webrick/httpserver.rb:138:in `service'
  /usr/lib/ruby/2.0.0/webrick/httpserver.rb:94:in `run'
  /usr/lib/ruby/2.0.0/webrick/server.rb:295:in `block in start_thread'


  Rendered /var/lib/gems/2.0.0/gems/actionpack-4.1.1/lib/action_dispatch/middleware/templates/rescues/_trace.html.erb (0.9ms)
  Rendered /var/lib/gems/2.0.0/gems/actionpack-4.1.1/lib/action_dispatch/middleware/templates/routes/_route.html.erb (0.9ms)
  Rendered /var/lib/gems/2.0.0/gems/actionpack-4.1.1/lib/action_dispatch/middleware/templates/routes/_table.html.erb (1.0ms)
  Rendered /var/lib/gems/2.0.0/gems/actionpack-4.1.1/lib/action_dispatch/middleware/templates/rescues/routing_error.html.erb within rescues/layout (17.5ms)


Started GET "/assets/application.css?body=1" for 117.205.22.53 at 2015-11-21 18:40:17 -0500


Started GET "/assets/jquery.js?body=1" for 117.205.22.53 at 2015-11-21 18:40:17 -0500


Started GET "/assets/jquery_ujs.js?body=1" for 117.205.22.53 at 2015-11-21 18:40:17 -0500


Started GET "/assets/turbolinks.js?body=1" for 117.205.22.53 at 2015-11-21 18:40:17 -0500


Started GET "/assets/communication.js?body=1" for 117.205.22.53 at 2015-11-21 18:40:17 -0500


Started GET "/assets/application.js?body=1" for 117.205.22.53 at 2015-11-21 18:40:17 -0500


Started GET "/assets/messages.js?body=1" for 117.205.22.53 at 2015-11-21 18:40:17 -0500


Started GET "/messages?nonce=1448149196180" for 117.205.22.53 at 2015-11-21 18:41:25 -0500
Processing by MessagesController#index as HTML
  Parameters: {"nonce"=>"1448149196180"}
  [1m[35mMessage Load (0.2ms)[0m  SELECT "messages".* FROM "messages"
  Rendered messages/index.html.erb within layouts/application (1.3ms)
Completed 200 OK in 38ms (Views: 37.3ms | ActiveRecord: 0.2ms)


Started GET "/assets/messages.css?body=1" for 117.205.22.53 at 2015-11-21 18:41:25 -0500


Started GET "/assets/application.css?body=1" for 117.205.22.53 at 2015-11-21 18:41:25 -0500


Started GET "/assets/jquery.js?body=1" for 117.205.22.53 at 2015-11-21 18:41:25 -0500


Started GET "/assets/jquery_ujs.js?body=1" for 117.205.22.53 at 2015-11-21 18:41:25 -0500


Started GET "/assets/turbolinks.js?body=1" for 117.205.22.53 at 2015-11-21 18:41:25 -0500


Started GET "/assets/communication.js?body=1" for 117.205.22.53 at 2015-11-21 18:41:26 -0500


Started GET "/assets/messages.js?body=1" for 117.205.22.53 at 2015-11-21 18:41:26 -0500


Started GET "/assets/application.js?body=1" for 117.205.22.53 at 2015-11-21 18:41:26 -0500


Started GET "/communication.js" for 117.205.22.53 at 2015-11-21 18:41:26 -0500

ActionController::RoutingError (No route matches [GET] "/communication.js"):
  actionpack (4.1.1) lib/action_dispatch/middleware/debug_exceptions.rb:21:in `call'
  actionpack (4.1.1) lib/action_dispatch/middleware/show_exceptions.rb:30:in `call'
  railties (4.1.1) lib/rails/rack/logger.rb:38:in `call_app'
  railties (4.1.1) lib/rails/rack/logger.rb:20:in `block in call'
  activesupport (4.1.1) lib/active_support/tagged_logging.rb:68:in `block in tagged'
  activesupport (4.1.1) lib/active_support/tagged_logging.rb:26:in `tagged'
  activesupport (4.1.1) lib/active_support/tagged_logging.rb:68:in `tagged'
  railties (4.1.1) lib/rails/rack/logger.rb:20:in `call'
  actionpack (4.1.1) lib/action_dispatch/middleware/request_id.rb:21:in `call'
  rack (1.5.2) lib/rack/methodoverride.rb:21:in `call'
  rack (1.5.2) lib/rack/runtime.rb:17:in `call'
  activesupport (4.1.1) lib/active_support/cache/strategy/local_cache_middleware.rb:26:in `call'
  rack (1.5.2) lib/rack/lock.rb:17:in `call'
  actionpack (4.1.1) lib/action_dispatch/middleware/static.rb:64:in `call'
  rack (1.5.2) lib/rack/sendfile.rb:112:in `call'
  railties (4.1.1) lib/rails/engine.rb:514:in `call'
  railties (4.1.1) lib/rails/application.rb:144:in `call'
  rack (1.5.2) lib/rack/lock.rb:17:in `call'
  rack (1.5.2) lib/rack/content_length.rb:14:in `call'
  rack (1.5.2) lib/rack/handler/webrick.rb:60:in `service'
  /usr/lib/ruby/2.0.0/webrick/httpserver.rb:138:in `service'
  /usr/lib/ruby/2.0.0/webrick/httpserver.rb:94:in `run'
  /usr/lib/ruby/2.0.0/webrick/server.rb:295:in `block in start_thread'


  Rendered /var/lib/gems/2.0.0/gems/actionpack-4.1.1/lib/action_dispatch/middleware/templates/rescues/_trace.html.erb (1.1ms)
  Rendered /var/lib/gems/2.0.0/gems/actionpack-4.1.1/lib/action_dispatch/middleware/templates/routes/_route.html.erb (1.1ms)
  Rendered /var/lib/gems/2.0.0/gems/actionpack-4.1.1/lib/action_dispatch/middleware/templates/routes/_table.html.erb (1.0ms)
  Rendered /var/lib/gems/2.0.0/gems/actionpack-4.1.1/lib/action_dispatch/middleware/templates/rescues/routing_error.html.erb within rescues/layout (51.0ms)


Started GET "/messages?nonce=1448149217284" for 117.205.22.53 at 2015-11-21 18:41:46 -0500
Processing by MessagesController#index as HTML
  Parameters: {"nonce"=>"1448149217284"}
  [1m[36mMessage Load (0.2ms)[0m  [1mSELECT "messages".* FROM "messages"[0m
  Rendered messages/index.html.erb within layouts/application (1.7ms)
Completed 200 OK in 35ms (Views: 34.6ms | ActiveRecord: 0.2ms)


Started GET "/assets/messages.css?body=1" for 117.205.22.53 at 2015-11-21 18:41:46 -0500


Started GET "/assets/application.css?body=1" for 117.205.22.53 at 2015-11-21 18:41:47 -0500


Started GET "/assets/jquery.js?body=1" for 117.205.22.53 at 2015-11-21 18:41:47 -0500


Started GET "/communication.js" for 117.205.22.53 at 2015-11-21 18:41:47 -0500

ActionController::RoutingError (No route matches [GET] "/communication.js"):
  actionpack (4.1.1) lib/action_dispatch/middleware/debug_exceptions.rb:21:in `call'
  actionpack (4.1.1) lib/action_dispatch/middleware/show_exceptions.rb:30:in `call'
  railties (4.1.1) lib/rails/rack/logger.rb:38:in `call_app'
  railties (4.1.1) lib/rails/rack/logger.rb:20:in `block in call'
  activesupport (4.1.1) lib/active_support/tagged_logging.rb:68:in `block in tagged'
  activesupport (4.1.1) lib/active_support/tagged_logging.rb:26:in `tagged'
  activesupport (4.1.1) lib/active_support/tagged_logging.rb:68:in `tagged'
  railties (4.1.1) lib/rails/rack/logger.rb:20:in `call'
  actionpack (4.1.1) lib/action_dispatch/middleware/request_id.rb:21:in `call'
  rack (1.5.2) lib/rack/methodoverride.rb:21:in `call'
  rack (1.5.2) lib/rack/runtime.rb:17:in `call'
  activesupport (4.1.1) lib/active_support/cache/strategy/local_cache_middleware.rb:26:in `call'
  rack (1.5.2) lib/rack/lock.rb:17:in `call'
  actionpack (4.1.1) lib/action_dispatch/middleware/static.rb:64:in `call'
  rack (1.5.2) lib/rack/sendfile.rb:112:in `call'
  railties (4.1.1) lib/rails/engine.rb:514:in `call'
  railties (4.1.1) lib/rails/application.rb:144:in `call'
  rack (1.5.2) lib/rack/lock.rb:17:in `call'
  rack (1.5.2) lib/rack/content_length.rb:14:in `call'
  rack (1.5.2) lib/rack/handler/webrick.rb:60:in `service'
  /usr/lib/ruby/2.0.0/webrick/httpserver.rb:138:in `service'
  /usr/lib/ruby/2.0.0/webrick/httpserver.rb:94:in `run'
  /usr/lib/ruby/2.0.0/webrick/server.rb:295:in `block in start_thread'


  Rendered /var/lib/gems/2.0.0/gems/actionpack-4.1.1/lib/action_dispatch/middleware/templates/rescues/_trace.html.erb (0.9ms)
  Rendered /var/lib/gems/2.0.0/gems/actionpack-4.1.1/lib/action_dispatch/middleware/templates/routes/_route.html.erb (1.0ms)
  Rendered /var/lib/gems/2.0.0/gems/actionpack-4.1.1/lib/action_dispatch/middleware/templates/routes/_table.html.erb (1.0ms)
  Rendered /var/lib/gems/2.0.0/gems/actionpack-4.1.1/lib/action_dispatch/middleware/templates/rescues/routing_error.html.erb within rescues/layout (19.4ms)


Started GET "/assets/jquery_ujs.js?body=1" for 117.205.22.53 at 2015-11-21 18:41:47 -0500


Started GET "/assets/turbolinks.js?body=1" for 117.205.22.53 at 2015-11-21 18:41:47 -0500


Started GET "/assets/communication.js?body=1" for 117.205.22.53 at 2015-11-21 18:41:47 -0500


Started GET "/assets/messages.js?body=1" for 117.205.22.53 at 2015-11-21 18:41:47 -0500


Started GET "/assets/application.js?body=1" for 117.205.22.53 at 2015-11-21 18:41:47 -0500


Started GET "/messages/new" for 117.205.22.53 at 2015-11-21 18:42:02 -0500
Processing by MessagesController#new as HTML
  Rendered messages/new.html.erb within layouts/application (231.1ms)
Completed 200 OK in 1112ms (Views: 1110.7ms | ActiveRecord: 0.0ms)


Started GET "/messages/new" for 117.205.22.53 at 2015-11-21 18:42:04 -0500
Processing by MessagesController#new as HTML
  Rendered messages/new.html.erb within layouts/application (11.1ms)
Completed 200 OK in 228ms (Views: 212.5ms | ActiveRecord: 0.0ms)


Started GET "/assets/messages.css?body=1" for 117.205.22.53 at 2015-11-21 18:42:05 -0500


Started GET "/assets/application.css?body=1" for 117.205.22.53 at 2015-11-21 18:42:05 -0500


Started GET "/assets/jquery.js?body=1" for 117.205.22.53 at 2015-11-21 18:42:05 -0500


Started GET "/assets/jquery_ujs.js?body=1" for 117.205.22.53 at 2015-11-21 18:42:05 -0500


Started GET "/assets/turbolinks.js?body=1" for 117.205.22.53 at 2015-11-21 18:42:05 -0500


Started GET "/assets/communication.js?body=1" for 117.205.22.53 at 2015-11-21 18:42:05 -0500


Started GET "/assets/messages.js?body=1" for 117.205.22.53 at 2015-11-21 18:42:05 -0500


Started GET "/assets/application.js?body=1" for 117.205.22.53 at 2015-11-21 18:42:06 -0500


Started GET "/messages/communication.js" for 117.205.22.53 at 2015-11-21 18:42:06 -0500

ActionController::RoutingError (No route matches [GET] "/messages/communication.js"):
  actionpack (4.1.1) lib/action_dispatch/middleware/debug_exceptions.rb:21:in `call'
  actionpack (4.1.1) lib/action_dispatch/middleware/show_exceptions.rb:30:in `call'
  railties (4.1.1) lib/rails/rack/logger.rb:38:in `call_app'
  railties (4.1.1) lib/rails/rack/logger.rb:20:in `block in call'
  activesupport (4.1.1) lib/active_support/tagged_logging.rb:68:in `block in tagged'
  activesupport (4.1.1) lib/active_support/tagged_logging.rb:26:in `tagged'
  activesupport (4.1.1) lib/active_support/tagged_logging.rb:68:in `tagged'
  railties (4.1.1) lib/rails/rack/logger.rb:20:in `call'
  actionpack (4.1.1) lib/action_dispatch/middleware/request_id.rb:21:in `call'
  rack (1.5.2) lib/rack/methodoverride.rb:21:in `call'
  rack (1.5.2) lib/rack/runtime.rb:17:in `call'
  activesupport (4.1.1) lib/active_support/cache/strategy/local_cache_middleware.rb:26:in `call'
  rack (1.5.2) lib/rack/lock.rb:17:in `call'
  actionpack (4.1.1) lib/action_dispatch/middleware/static.rb:64:in `call'
  rack (1.5.2) lib/rack/sendfile.rb:112:in `call'
  railties (4.1.1) lib/rails/engine.rb:514:in `call'
  railties (4.1.1) lib/rails/application.rb:144:in `call'
  rack (1.5.2) lib/rack/lock.rb:17:in `call'
  rack (1.5.2) lib/rack/content_length.rb:14:in `call'
  rack (1.5.2) lib/rack/handler/webrick.rb:60:in `service'
  /usr/lib/ruby/2.0.0/webrick/httpserver.rb:138:in `service'
  /usr/lib/ruby/2.0.0/webrick/httpserver.rb:94:in `run'
  /usr/lib/ruby/2.0.0/webrick/server.rb:295:in `block in start_thread'


  Rendered /var/lib/gems/2.0.0/gems/actionpack-4.1.1/lib/action_dispatch/middleware/templates/rescues/_trace.html.erb (15.9ms)
  Rendered /var/lib/gems/2.0.0/gems/actionpack-4.1.1/lib/action_dispatch/middleware/templates/routes/_route.html.erb (1.7ms)
  Rendered /var/lib/gems/2.0.0/gems/actionpack-4.1.1/lib/action_dispatch/middleware/templates/routes/_table.html.erb (1.8ms)
  Rendered /var/lib/gems/2.0.0/gems/actionpack-4.1.1/lib/action_dispatch/middleware/templates/rescues/routing_error.html.erb within rescues/layout (559.0ms)


Started GET "/messages?nonce=1448149217284/" for 117.205.22.53 at 2015-11-21 18:42:28 -0500
Processing by MessagesController#index as HTML
  Parameters: {"nonce"=>"1448149217284/"}
  [1m[35mMessage Load (0.2ms)[0m  SELECT "messages".* FROM "messages"
  Rendered messages/index.html.erb within layouts/application (1.2ms)
Completed 200 OK in 35ms (Views: 33.6ms | ActiveRecord: 0.2ms)


Started GET "/assets/messages.css?body=1" for 117.205.22.53 at 2015-11-21 18:42:29 -0500


Started GET "/assets/application.css?body=1" for 117.205.22.53 at 2015-11-21 18:42:29 -0500


Started GET "/assets/jquery.js?body=1" for 117.205.22.53 at 2015-11-21 18:42:29 -0500


Started GET "/assets/jquery_ujs.js?body=1" for 117.205.22.53 at 2015-11-21 18:42:29 -0500


Started GET "/communication.js" for 117.205.22.53 at 2015-11-21 18:42:29 -0500

ActionController::RoutingError (No route matches [GET] "/communication.js"):
  actionpack (4.1.1) lib/action_dispatch/middleware/debug_exceptions.rb:21:in `call'
  actionpack (4.1.1) lib/action_dispatch/middleware/show_exceptions.rb:30:in `call'
  railties (4.1.1) lib/rails/rack/logger.rb:38:in `call_app'
  railties (4.1.1) lib/rails/rack/logger.rb:20:in `block in call'
  activesupport (4.1.1) lib/active_support/tagged_logging.rb:68:in `block in tagged'
  activesupport (4.1.1) lib/active_support/tagged_logging.rb:26:in `tagged'
  activesupport (4.1.1) lib/active_support/tagged_logging.rb:68:in `tagged'
  railties (4.1.1) lib/rails/rack/logger.rb:20:in `call'
  actionpack (4.1.1) lib/action_dispatch/middleware/request_id.rb:21:in `call'
  rack (1.5.2) lib/rack/methodoverride.rb:21:in `call'
  rack (1.5.2) lib/rack/runtime.rb:17:in `call'
  activesupport (4.1.1) lib/active_support/cache/strategy/local_cache_middleware.rb:26:in `call'
  rack (1.5.2) lib/rack/lock.rb:17:in `call'
  actionpack (4.1.1) lib/action_dispatch/middleware/static.rb:64:in `call'
  rack (1.5.2) lib/rack/sendfile.rb:112:in `call'
  railties (4.1.1) lib/rails/engine.rb:514:in `call'
  railties (4.1.1) lib/rails/application.rb:144:in `call'
  rack (1.5.2) lib/rack/lock.rb:17:in `call'
  rack (1.5.2) lib/rack/content_length.rb:14:in `call'
  rack (1.5.2) lib/rack/handler/webrick.rb:60:in `service'
  /usr/lib/ruby/2.0.0/webrick/httpserver.rb:138:in `service'
  /usr/lib/ruby/2.0.0/webrick/httpserver.rb:94:in `run'
  /usr/lib/ruby/2.0.0/webrick/server.rb:295:in `block in start_thread'


  Rendered /var/lib/gems/2.0.0/gems/actionpack-4.1.1/lib/action_dispatch/middleware/templates/rescues/_trace.html.erb (0.9ms)
  Rendered /var/lib/gems/2.0.0/gems/actionpack-4.1.1/lib/action_dispatch/middleware/templates/routes/_route.html.erb (1.0ms)
  Rendered /var/lib/gems/2.0.0/gems/actionpack-4.1.1/lib/action_dispatch/middleware/templates/routes/_table.html.erb (1.3ms)
  Rendered /var/lib/gems/2.0.0/gems/actionpack-4.1.1/lib/action_dispatch/middleware/templates/rescues/routing_error.html.erb within rescues/layout (16.4ms)


Started GET "/assets/turbolinks.js?body=1" for 117.205.22.53 at 2015-11-21 18:42:29 -0500


Started GET "/assets/communication.js?body=1" for 117.205.22.53 at 2015-11-21 18:42:29 -0500


Started GET "/assets/messages.js?body=1" for 117.205.22.53 at 2015-11-21 18:42:29 -0500


Started GET "/assets/application.js?body=1" for 117.205.22.53 at 2015-11-21 18:42:29 -0500


Started GET "/messages?nonce=1448149265431" for 117.205.22.53 at 2015-11-21 18:42:34 -0500
Processing by MessagesController#index as HTML
  Parameters: {"nonce"=>"1448149265431"}
  [1m[36mMessage Load (0.3ms)[0m  [1mSELECT "messages".* FROM "messages"[0m
  Rendered messages/index.html.erb within layouts/application (5.3ms)
Completed 200 OK in 86ms (Views: 83.7ms | ActiveRecord: 0.7ms)


Started GET "/assets/messages.css?body=1" for 117.205.22.53 at 2015-11-21 18:42:34 -0500


Started GET "/assets/application.css?body=1" for 117.205.22.53 at 2015-11-21 18:42:34 -0500


Started GET "/assets/jquery.js?body=1" for 117.205.22.53 at 2015-11-21 18:42:34 -0500


Started GET "/communication.js" for 117.205.22.53 at 2015-11-21 18:42:34 -0500

ActionController::RoutingError (No route matches [GET] "/communication.js"):
  actionpack (4.1.1) lib/action_dispatch/middleware/debug_exceptions.rb:21:in `call'
  actionpack (4.1.1) lib/action_dispatch/middleware/show_exceptions.rb:30:in `call'
  railties (4.1.1) lib/rails/rack/logger.rb:38:in `call_app'
  railties (4.1.1) lib/rails/rack/logger.rb:20:in `block in call'
  activesupport (4.1.1) lib/active_support/tagged_logging.rb:68:in `block in tagged'
  activesupport (4.1.1) lib/active_support/tagged_logging.rb:26:in `tagged'
  activesupport (4.1.1) lib/active_support/tagged_logging.rb:68:in `tagged'
  railties (4.1.1) lib/rails/rack/logger.rb:20:in `call'
  actionpack (4.1.1) lib/action_dispatch/middleware/request_id.rb:21:in `call'
  rack (1.5.2) lib/rack/methodoverride.rb:21:in `call'
  rack (1.5.2) lib/rack/runtime.rb:17:in `call'
  activesupport (4.1.1) lib/active_support/cache/strategy/local_cache_middleware.rb:26:in `call'
  rack (1.5.2) lib/rack/lock.rb:17:in `call'
  actionpack (4.1.1) lib/action_dispatch/middleware/static.rb:64:in `call'
  rack (1.5.2) lib/rack/sendfile.rb:112:in `call'
  railties (4.1.1) lib/rails/engine.rb:514:in `call'
  railties (4.1.1) lib/rails/application.rb:144:in `call'
  rack (1.5.2) lib/rack/lock.rb:17:in `call'
  rack (1.5.2) lib/rack/content_length.rb:14:in `call'
  rack (1.5.2) lib/rack/handler/webrick.rb:60:in `service'
  /usr/lib/ruby/2.0.0/webrick/httpserver.rb:138:in `service'
  /usr/lib/ruby/2.0.0/webrick/httpserver.rb:94:in `run'
  /usr/lib/ruby/2.0.0/webrick/server.rb:295:in `block in start_thread'


  Rendered /var/lib/gems/2.0.0/gems/actionpack-4.1.1/lib/action_dispatch/middleware/templates/rescues/_trace.html.erb (1.4ms)
  Rendered /var/lib/gems/2.0.0/gems/actionpack-4.1.1/lib/action_dispatch/middleware/templates/routes/_route.html.erb (1.6ms)
  Rendered /var/lib/gems/2.0.0/gems/actionpack-4.1.1/lib/action_dispatch/middleware/templates/routes/_table.html.erb (1.0ms)
  Rendered /var/lib/gems/2.0.0/gems/actionpack-4.1.1/lib/action_dispatch/middleware/templates/rescues/routing_error.html.erb within rescues/layout (18.2ms)


Started GET "/assets/jquery_ujs.js?body=1" for 117.205.22.53 at 2015-11-21 18:42:35 -0500


Started GET "/assets/turbolinks.js?body=1" for 117.205.22.53 at 2015-11-21 18:42:35 -0500


Started GET "/assets/application.js?body=1" for 117.205.22.53 at 2015-11-21 18:42:35 -0500


Started GET "/assets/communication.js?body=1" for 117.205.22.53 at 2015-11-21 18:42:35 -0500


Started GET "/assets/messages.js?body=1" for 117.205.22.53 at 2015-11-21 18:42:35 -0500


Started GET "/messages?nonce=1448149290334" for 117.205.22.53 at 2015-11-21 18:42:59 -0500
Processing by MessagesController#index as HTML
  Parameters: {"nonce"=>"1448149290334"}
  [1m[35mMessage Load (0.2ms)[0m  SELECT "messages".* FROM "messages"
  Rendered messages/index.html.erb within layouts/application (1.6ms)
Completed 200 OK in 35ms (Views: 34.3ms | ActiveRecord: 0.2ms)


Started GET "/assets/application.css?body=1" for 117.205.22.53 at 2015-11-21 18:43:00 -0500


Started GET "/assets/messages.css?body=1" for 117.205.22.53 at 2015-11-21 18:43:00 -0500


Started GET "/assets/jquery.js?body=1" for 117.205.22.53 at 2015-11-21 18:43:00 -0500


Started GET "/assets/jquery_ujs.js?body=1" for 117.205.22.53 at 2015-11-21 18:43:00 -0500


Started GET "/assets/communication.js?body=1" for 117.205.22.53 at 2015-11-21 18:43:00 -0500


Started GET "/assets/turbolinks.js?body=1" for 117.205.22.53 at 2015-11-21 18:43:00 -0500


Started GET "/assets/messages.js?body=1" for 117.205.22.53 at 2015-11-21 18:43:00 -0500


Started GET "/assets/application.js?body=1" for 117.205.22.53 at 2015-11-21 18:43:00 -0500


Started GET "/communication.js" for 117.205.22.53 at 2015-11-21 18:43:00 -0500

ActionController::RoutingError (No route matches [GET] "/communication.js"):
  actionpack (4.1.1) lib/action_dispatch/middleware/debug_exceptions.rb:21:in `call'
  actionpack (4.1.1) lib/action_dispatch/middleware/show_exceptions.rb:30:in `call'
  railties (4.1.1) lib/rails/rack/logger.rb:38:in `call_app'
  railties (4.1.1) lib/rails/rack/logger.rb:20:in `block in call'
  activesupport (4.1.1) lib/active_support/tagged_logging.rb:68:in `block in tagged'
  activesupport (4.1.1) lib/active_support/tagged_logging.rb:26:in `tagged'
  activesupport (4.1.1) lib/active_support/tagged_logging.rb:68:in `tagged'
  railties (4.1.1) lib/rails/rack/logger.rb:20:in `call'
  actionpack (4.1.1) lib/action_dispatch/middleware/request_id.rb:21:in `call'
  rack (1.5.2) lib/rack/methodoverride.rb:21:in `call'
  rack (1.5.2) lib/rack/runtime.rb:17:in `call'
  activesupport (4.1.1) lib/active_support/cache/strategy/local_cache_middleware.rb:26:in `call'
  rack (1.5.2) lib/rack/lock.rb:17:in `call'
  actionpack (4.1.1) lib/action_dispatch/middleware/static.rb:64:in `call'
  rack (1.5.2) lib/rack/sendfile.rb:112:in `call'
  railties (4.1.1) lib/rails/engine.rb:514:in `call'
  railties (4.1.1) lib/rails/application.rb:144:in `call'
  rack (1.5.2) lib/rack/lock.rb:17:in `call'
  rack (1.5.2) lib/rack/content_length.rb:14:in `call'
  rack (1.5.2) lib/rack/handler/webrick.rb:60:in `service'
  /usr/lib/ruby/2.0.0/webrick/httpserver.rb:138:in `service'
  /usr/lib/ruby/2.0.0/webrick/httpserver.rb:94:in `run'
  /usr/lib/ruby/2.0.0/webrick/server.rb:295:in `block in start_thread'


  Rendered /var/lib/gems/2.0.0/gems/actionpack-4.1.1/lib/action_dispatch/middleware/templates/rescues/_trace.html.erb (1.0ms)
  Rendered /var/lib/gems/2.0.0/gems/actionpack-4.1.1/lib/action_dispatch/middleware/templates/routes/_route.html.erb (1.0ms)
  Rendered /var/lib/gems/2.0.0/gems/actionpack-4.1.1/lib/action_dispatch/middleware/templates/routes/_table.html.erb (0.9ms)
  Rendered /var/lib/gems/2.0.0/gems/actionpack-4.1.1/lib/action_dispatch/middleware/templates/rescues/routing_error.html.erb within rescues/layout (15.7ms)


Started GET "/messages/new?nonce=1448149337045" for 117.205.22.53 at 2015-11-21 18:43:46 -0500
Processing by MessagesController#new as HTML
  Parameters: {"nonce"=>"1448149337045"}
  Rendered messages/new.html.erb within layouts/application (1.6ms)
Completed 200 OK in 36ms (Views: 35.7ms | ActiveRecord: 0.0ms)


Started GET "/messages/communication.js" for 117.205.22.53 at 2015-11-21 18:43:46 -0500

ActionController::RoutingError (No route matches [GET] "/messages/communication.js"):
  actionpack (4.1.1) lib/action_dispatch/middleware/debug_exceptions.rb:21:in `call'
  actionpack (4.1.1) lib/action_dispatch/middleware/show_exceptions.rb:30:in `call'
  railties (4.1.1) lib/rails/rack/logger.rb:38:in `call_app'
  railties (4.1.1) lib/rails/rack/logger.rb:20:in `block in call'
  activesupport (4.1.1) lib/active_support/tagged_logging.rb:68:in `block in tagged'
  activesupport (4.1.1) lib/active_support/tagged_logging.rb:26:in `tagged'
  activesupport (4.1.1) lib/active_support/tagged_logging.rb:68:in `tagged'
  railties (4.1.1) lib/rails/rack/logger.rb:20:in `call'
  actionpack (4.1.1) lib/action_dispatch/middleware/request_id.rb:21:in `call'
  rack (1.5.2) lib/rack/methodoverride.rb:21:in `call'
  rack (1.5.2) lib/rack/runtime.rb:17:in `call'
  activesupport (4.1.1) lib/active_support/cache/strategy/local_cache_middleware.rb:26:in `call'
  rack (1.5.2) lib/rack/lock.rb:17:in `call'
  actionpack (4.1.1) lib/action_dispatch/middleware/static.rb:64:in `call'
  rack (1.5.2) lib/rack/sendfile.rb:112:in `call'
  railties (4.1.1) lib/rails/engine.rb:514:in `call'
  railties (4.1.1) lib/rails/application.rb:144:in `call'
  rack (1.5.2) lib/rack/lock.rb:17:in `call'
  rack (1.5.2) lib/rack/content_length.rb:14:in `call'
  rack (1.5.2) lib/rack/handler/webrick.rb:60:in `service'
  /usr/lib/ruby/2.0.0/webrick/httpserver.rb:138:in `service'
  /usr/lib/ruby/2.0.0/webrick/httpserver.rb:94:in `run'
  /usr/lib/ruby/2.0.0/webrick/server.rb:295:in `block in start_thread'


  Rendered /var/lib/gems/2.0.0/gems/actionpack-4.1.1/lib/action_dispatch/middleware/templates/rescues/_trace.html.erb (0.9ms)
  Rendered /var/lib/gems/2.0.0/gems/actionpack-4.1.1/lib/action_dispatch/middleware/templates/routes/_route.html.erb (0.9ms)
  Rendered /var/lib/gems/2.0.0/gems/actionpack-4.1.1/lib/action_dispatch/middleware/templates/routes/_table.html.erb (0.9ms)
  Rendered /var/lib/gems/2.0.0/gems/actionpack-4.1.1/lib/action_dispatch/middleware/templates/rescues/routing_error.html.erb within rescues/layout (16.9ms)


Started GET "/assets/messages.css?body=1" for 117.205.22.53 at 2015-11-21 18:43:46 -0500


Started GET "/assets/application.css?body=1" for 117.205.22.53 at 2015-11-21 18:43:46 -0500


Started GET "/assets/jquery.js?body=1" for 117.205.22.53 at 2015-11-21 18:43:46 -0500


Started GET "/assets/jquery_ujs.js?body=1" for 117.205.22.53 at 2015-11-21 18:43:46 -0500


Started GET "/assets/turbolinks.js?body=1" for 117.205.22.53 at 2015-11-21 18:43:46 -0500


Started GET "/assets/communication.js?body=1" for 117.205.22.53 at 2015-11-21 18:43:47 -0500


Started GET "/assets/messages.js?body=1" for 117.205.22.53 at 2015-11-21 18:43:47 -0500


Started GET "/assets/application.js?body=1" for 117.205.22.53 at 2015-11-21 18:43:47 -0500


Started POST "/messages" for 117.205.22.53 at 2015-11-21 18:43:56 -0500
Processing by MessagesController#create as HTML
  Parameters: {"utf8"=>"✓", "authenticity_token"=>"8Tb5im75oygJr2Px6GExrDoY+GFh5c+YIoIMdK6wNEU=", "message"=>{"content"=>"Thsi is s ew asda ads"}, "commit"=>"Create"}
  [1m[36m (0.1ms)[0m  [1mbegin transaction[0m
  [1m[35mSQL (0.9ms)[0m  INSERT INTO "messages" ("content", "created_at", "updated_at") VALUES (?, ?, ?)  [["content", "Thsi is s ew asda ads"], ["created_at", "2015-11-21 23:43:56.644922"], ["updated_at", "2015-11-21 23:43:56.644922"]]
  [1m[36m (1.8ms)[0m  [1mcommit transaction[0m
Redirected to https://localhost:8080/messages
Completed 302 Found in 8ms (ActiveRecord: 2.8ms)


Started GET "/messages" for 117.205.22.53 at 2015-11-21 18:43:57 -0500
Processing by MessagesController#index as HTML
  [1m[35mMessage Load (0.2ms)[0m  SELECT "messages".* FROM "messages"
  Rendered messages/index.html.erb within layouts/application (1.1ms)
Completed 200 OK in 33ms (Views: 32.6ms | ActiveRecord: 0.2ms)


Started GET "/assets/messages.css?body=1" for 117.205.22.53 at 2015-11-21 18:43:57 -0500


Started GET "/assets/application.css?body=1" for 117.205.22.53 at 2015-11-21 18:43:57 -0500


Started GET "/assets/jquery.js?body=1" for 117.205.22.53 at 2015-11-21 18:43:57 -0500


Started GET "/assets/jquery_ujs.js?body=1" for 117.205.22.53 at 2015-11-21 18:43:57 -0500


Started GET "/assets/turbolinks.js?body=1" for 117.205.22.53 at 2015-11-21 18:43:57 -0500


Started GET "/assets/communication.js?body=1" for 117.205.22.53 at 2015-11-21 18:43:57 -0500


Started GET "/assets/messages.js?body=1" for 117.205.22.53 at 2015-11-21 18:43:57 -0500


Started GET "/assets/application.js?body=1" for 117.205.22.53 at 2015-11-21 18:43:57 -0500


Started GET "/communication.js" for 117.205.22.53 at 2015-11-21 18:43:57 -0500

ActionController::RoutingError (No route matches [GET] "/communication.js"):
  actionpack (4.1.1) lib/action_dispatch/middleware/debug_exceptions.rb:21:in `call'
  actionpack (4.1.1) lib/action_dispatch/middleware/show_exceptions.rb:30:in `call'
  railties (4.1.1) lib/rails/rack/logger.rb:38:in `call_app'
  railties (4.1.1) lib/rails/rack/logger.rb:20:in `block in call'
  activesupport (4.1.1) lib/active_support/tagged_logging.rb:68:in `block in tagged'
  activesupport (4.1.1) lib/active_support/tagged_logging.rb:26:in `tagged'
  activesupport (4.1.1) lib/active_support/tagged_logging.rb:68:in `tagged'
  railties (4.1.1) lib/rails/rack/logger.rb:20:in `call'
  actionpack (4.1.1) lib/action_dispatch/middleware/request_id.rb:21:in `call'
  rack (1.5.2) lib/rack/methodoverride.rb:21:in `call'
  rack (1.5.2) lib/rack/runtime.rb:17:in `call'
  activesupport (4.1.1) lib/active_support/cache/strategy/local_cache_middleware.rb:26:in `call'
  rack (1.5.2) lib/rack/lock.rb:17:in `call'
  actionpack (4.1.1) lib/action_dispatch/middleware/static.rb:64:in `call'
  rack (1.5.2) lib/rack/sendfile.rb:112:in `call'
  railties (4.1.1) lib/rails/engine.rb:514:in `call'
  railties (4.1.1) lib/rails/application.rb:144:in `call'
  rack (1.5.2) lib/rack/lock.rb:17:in `call'
  rack (1.5.2) lib/rack/content_length.rb:14:in `call'
  rack (1.5.2) lib/rack/handler/webrick.rb:60:in `service'
  /usr/lib/ruby/2.0.0/webrick/httpserver.rb:138:in `service'
  /usr/lib/ruby/2.0.0/webrick/httpserver.rb:94:in `run'
  /usr/lib/ruby/2.0.0/webrick/server.rb:295:in `block in start_thread'


  Rendered /var/lib/gems/2.0.0/gems/actionpack-4.1.1/lib/action_dispatch/middleware/templates/rescues/_trace.html.erb (1.0ms)
  Rendered /var/lib/gems/2.0.0/gems/actionpack-4.1.1/lib/action_dispatch/middleware/templates/routes/_route.html.erb (1.1ms)
  Rendered /var/lib/gems/2.0.0/gems/actionpack-4.1.1/lib/action_dispatch/middleware/templates/routes/_table.html.erb (1.0ms)
  Rendered /var/lib/gems/2.0.0/gems/actionpack-4.1.1/lib/action_dispatch/middleware/templates/rescues/routing_error.html.erb within rescues/layout (15.6ms)


Started GET "/messages" for 117.205.22.53 at 2015-11-21 18:43:59 -0500
Processing by MessagesController#index as HTML
  [1m[36mMessage Load (0.2ms)[0m  [1mSELECT "messages".* FROM "messages"[0m
  Rendered messages/index.html.erb within layouts/application (1.3ms)
Completed 200 OK in 67ms (Views: 66.3ms | ActiveRecord: 0.2ms)


Started GET "/assets/messages.css?body=1" for 117.205.22.53 at 2015-11-21 18:43:59 -0500


Started GET "/assets/application.css?body=1" for 117.205.22.53 at 2015-11-21 18:43:59 -0500


Started GET "/assets/jquery.js?body=1" for 117.205.22.53 at 2015-11-21 18:43:59 -0500


Started GET "/communication.js" for 117.205.22.53 at 2015-11-21 18:43:59 -0500

ActionController::RoutingError (No route matches [GET] "/communication.js"):
  actionpack (4.1.1) lib/action_dispatch/middleware/debug_exceptions.rb:21:in `call'
  actionpack (4.1.1) lib/action_dispatch/middleware/show_exceptions.rb:30:in `call'
  railties (4.1.1) lib/rails/rack/logger.rb:38:in `call_app'
  railties (4.1.1) lib/rails/rack/logger.rb:20:in `block in call'
  activesupport (4.1.1) lib/active_support/tagged_logging.rb:68:in `block in tagged'
  activesupport (4.1.1) lib/active_support/tagged_logging.rb:26:in `tagged'
  activesupport (4.1.1) lib/active_support/tagged_logging.rb:68:in `tagged'
  railties (4.1.1) lib/rails/rack/logger.rb:20:in `call'
  actionpack (4.1.1) lib/action_dispatch/middleware/request_id.rb:21:in `call'
  rack (1.5.2) lib/rack/methodoverride.rb:21:in `call'
  rack (1.5.2) lib/rack/runtime.rb:17:in `call'
  activesupport (4.1.1) lib/active_support/cache/strategy/local_cache_middleware.rb:26:in `call'
  rack (1.5.2) lib/rack/lock.rb:17:in `call'
  actionpack (4.1.1) lib/action_dispatch/middleware/static.rb:64:in `call'
  rack (1.5.2) lib/rack/sendfile.rb:112:in `call'
  railties (4.1.1) lib/rails/engine.rb:514:in `call'
  railties (4.1.1) lib/rails/application.rb:144:in `call'
  rack (1.5.2) lib/rack/lock.rb:17:in `call'
  rack (1.5.2) lib/rack/content_length.rb:14:in `call'
  rack (1.5.2) lib/rack/handler/webrick.rb:60:in `service'
  /usr/lib/ruby/2.0.0/webrick/httpserver.rb:138:in `service'
  /usr/lib/ruby/2.0.0/webrick/httpserver.rb:94:in `run'
  /usr/lib/ruby/2.0.0/webrick/server.rb:295:in `block in start_thread'


  Rendered /var/lib/gems/2.0.0/gems/actionpack-4.1.1/lib/action_dispatch/middleware/templates/rescues/_trace.html.erb (0.9ms)
  Rendered /var/lib/gems/2.0.0/gems/actionpack-4.1.1/lib/action_dispatch/middleware/templates/routes/_route.html.erb (0.9ms)
  Rendered /var/lib/gems/2.0.0/gems/actionpack-4.1.1/lib/action_dispatch/middleware/templates/routes/_table.html.erb (0.9ms)
  Rendered /var/lib/gems/2.0.0/gems/actionpack-4.1.1/lib/action_dispatch/middleware/templates/rescues/routing_error.html.erb within rescues/layout (14.8ms)


Started GET "/assets/jquery_ujs.js?body=1" for 117.205.22.53 at 2015-11-21 18:43:59 -0500


Started GET "/assets/turbolinks.js?body=1" for 117.205.22.53 at 2015-11-21 18:43:59 -0500


Started GET "/assets/communication.js?body=1" for 117.205.22.53 at 2015-11-21 18:44:00 -0500


Started GET "/assets/messages.js?body=1" for 117.205.22.53 at 2015-11-21 18:44:00 -0500


Started GET "/assets/application.js?body=1" for 117.205.22.53 at 2015-11-21 18:44:00 -0500


Started GET "/messages?nonce=1448149386279" for 117.205.22.53 at 2015-11-21 18:44:35 -0500
Processing by MessagesController#index as HTML
  Parameters: {"nonce"=>"1448149386279"}
  [1m[35mMessage Load (0.3ms)[0m  SELECT "messages".* FROM "messages"
  Rendered messages/index.html.erb within layouts/application (1.7ms)
Completed 200 OK in 36ms (Views: 34.7ms | ActiveRecord: 0.3ms)


Started GET "/communication.js" for 117.205.22.53 at 2015-11-21 18:44:35 -0500

ActionController::RoutingError (No route matches [GET] "/communication.js"):
  actionpack (4.1.1) lib/action_dispatch/middleware/debug_exceptions.rb:21:in `call'
  actionpack (4.1.1) lib/action_dispatch/middleware/show_exceptions.rb:30:in `call'
  railties (4.1.1) lib/rails/rack/logger.rb:38:in `call_app'
  railties (4.1.1) lib/rails/rack/logger.rb:20:in `block in call'
  activesupport (4.1.1) lib/active_support/tagged_logging.rb:68:in `block in tagged'
  activesupport (4.1.1) lib/active_support/tagged_logging.rb:26:in `tagged'
  activesupport (4.1.1) lib/active_support/tagged_logging.rb:68:in `tagged'
  railties (4.1.1) lib/rails/rack/logger.rb:20:in `call'
  actionpack (4.1.1) lib/action_dispatch/middleware/request_id.rb:21:in `call'
  rack (1.5.2) lib/rack/methodoverride.rb:21:in `call'
  rack (1.5.2) lib/rack/runtime.rb:17:in `call'
  activesupport (4.1.1) lib/active_support/cache/strategy/local_cache_middleware.rb:26:in `call'
  rack (1.5.2) lib/rack/lock.rb:17:in `call'
  actionpack (4.1.1) lib/action_dispatch/middleware/static.rb:64:in `call'
  rack (1.5.2) lib/rack/sendfile.rb:112:in `call'
  railties (4.1.1) lib/rails/engine.rb:514:in `call'
  railties (4.1.1) lib/rails/application.rb:144:in `call'
  rack (1.5.2) lib/rack/lock.rb:17:in `call'
  rack (1.5.2) lib/rack/content_length.rb:14:in `call'
  rack (1.5.2) lib/rack/handler/webrick.rb:60:in `service'
  /usr/lib/ruby/2.0.0/webrick/httpserver.rb:138:in `service'
  /usr/lib/ruby/2.0.0/webrick/httpserver.rb:94:in `run'
  /usr/lib/ruby/2.0.0/webrick/server.rb:295:in `block in start_thread'


  Rendered /var/lib/gems/2.0.0/gems/actionpack-4.1.1/lib/action_dispatch/middleware/templates/rescues/_trace.html.erb (0.9ms)
  Rendered /var/lib/gems/2.0.0/gems/actionpack-4.1.1/lib/action_dispatch/middleware/templates/routes/_route.html.erb (1.0ms)
  Rendered /var/lib/gems/2.0.0/gems/actionpack-4.1.1/lib/action_dispatch/middleware/templates/routes/_table.html.erb (0.9ms)
  Rendered /var/lib/gems/2.0.0/gems/actionpack-4.1.1/lib/action_dispatch/middleware/templates/rescues/routing_error.html.erb within rescues/layout (15.5ms)


Started GET "/assets/messages.css?body=1" for 117.205.22.53 at 2015-11-21 18:44:35 -0500


Started GET "/assets/application.css?body=1" for 117.205.22.53 at 2015-11-21 18:44:35 -0500


Started GET "/assets/jquery.js?body=1" for 117.205.22.53 at 2015-11-21 18:44:35 -0500


Started GET "/assets/jquery_ujs.js?body=1" for 117.205.22.53 at 2015-11-21 18:44:35 -0500


Started GET "/assets/turbolinks.js?body=1" for 117.205.22.53 at 2015-11-21 18:44:36 -0500


Started GET "/assets/communication.js?body=1" for 117.205.22.53 at 2015-11-21 18:44:36 -0500


Started GET "/assets/messages.js?body=1" for 117.205.22.53 at 2015-11-21 18:44:36 -0500


Started GET "/assets/application.js?body=1" for 117.205.22.53 at 2015-11-21 18:44:36 -0500


Started GET "/messages?nonce=1448149403200" for 117.205.22.53 at 2015-11-21 18:44:52 -0500
Processing by MessagesController#index as HTML
  Parameters: {"nonce"=>"1448149403200"}
  [1m[36mMessage Load (0.2ms)[0m  [1mSELECT "messages".* FROM "messages"[0m
  Rendered messages/index.html.erb within layouts/application (1.5ms)
Completed 200 OK in 34ms (Views: 32.7ms | ActiveRecord: 0.2ms)


Started GET "/assets/messages.css?body=1" for 117.205.22.53 at 2015-11-21 18:44:52 -0500


Started GET "/assets/application.css?body=1" for 117.205.22.53 at 2015-11-21 18:44:52 -0500


Started GET "/assets/jquery.js?body=1" for 117.205.22.53 at 2015-11-21 18:44:52 -0500


Started GET "/communication.js" for 117.205.22.53 at 2015-11-21 18:44:52 -0500

ActionController::RoutingError (No route matches [GET] "/communication.js"):
  actionpack (4.1.1) lib/action_dispatch/middleware/debug_exceptions.rb:21:in `call'
  actionpack (4.1.1) lib/action_dispatch/middleware/show_exceptions.rb:30:in `call'
  railties (4.1.1) lib/rails/rack/logger.rb:38:in `call_app'
  railties (4.1.1) lib/rails/rack/logger.rb:20:in `block in call'
  activesupport (4.1.1) lib/active_support/tagged_logging.rb:68:in `block in tagged'
  activesupport (4.1.1) lib/active_support/tagged_logging.rb:26:in `tagged'
  activesupport (4.1.1) lib/active_support/tagged_logging.rb:68:in `tagged'
  railties (4.1.1) lib/rails/rack/logger.rb:20:in `call'
  actionpack (4.1.1) lib/action_dispatch/middleware/request_id.rb:21:in `call'
  rack (1.5.2) lib/rack/methodoverride.rb:21:in `call'
  rack (1.5.2) lib/rack/runtime.rb:17:in `call'
  activesupport (4.1.1) lib/active_support/cache/strategy/local_cache_middleware.rb:26:in `call'
  rack (1.5.2) lib/rack/lock.rb:17:in `call'
  actionpack (4.1.1) lib/action_dispatch/middleware/static.rb:64:in `call'
  rack (1.5.2) lib/rack/sendfile.rb:112:in `call'
  railties (4.1.1) lib/rails/engine.rb:514:in `call'
  railties (4.1.1) lib/rails/application.rb:144:in `call'
  rack (1.5.2) lib/rack/lock.rb:17:in `call'
  rack (1.5.2) lib/rack/content_length.rb:14:in `call'
  rack (1.5.2) lib/rack/handler/webrick.rb:60:in `service'
  /usr/lib/ruby/2.0.0/webrick/httpserver.rb:138:in `service'
  /usr/lib/ruby/2.0.0/webrick/httpserver.rb:94:in `run'
  /usr/lib/ruby/2.0.0/webrick/server.rb:295:in `block in start_thread'


  Rendered /var/lib/gems/2.0.0/gems/actionpack-4.1.1/lib/action_dispatch/middleware/templates/rescues/_trace.html.erb (0.9ms)
  Rendered /var/lib/gems/2.0.0/gems/actionpack-4.1.1/lib/action_dispatch/middleware/templates/routes/_route.html.erb (34.9ms)
  Rendered /var/lib/gems/2.0.0/gems/actionpack-4.1.1/lib/action_dispatch/middleware/templates/routes/_table.html.erb (1.0ms)
  Rendered /var/lib/gems/2.0.0/gems/actionpack-4.1.1/lib/action_dispatch/middleware/templates/rescues/routing_error.html.erb within rescues/layout (52.9ms)


Started GET "/assets/jquery_ujs.js?body=1" for 117.205.22.53 at 2015-11-21 18:44:52 -0500


Started GET "/assets/turbolinks.js?body=1" for 117.205.22.53 at 2015-11-21 18:44:52 -0500


Started GET "/assets/communication.js?body=1" for 117.205.22.53 at 2015-11-21 18:44:53 -0500


Started GET "/assets/messages.js?body=1" for 117.205.22.53 at 2015-11-21 18:44:53 -0500


Started GET "/assets/application.js?body=1" for 117.205.22.53 at 2015-11-21 18:44:53 -0500


Started GET "/messages?nonce=1448149529931" for 117.205.22.53 at 2015-11-21 18:47:00 -0500
Processing by MessagesController#index as HTML
  Parameters: {"nonce"=>"1448149529931"}
  [1m[35mMessage Load (0.2ms)[0m  SELECT "messages".* FROM "messages"
  Rendered messages/index.html.erb within layouts/application (1.3ms)
Completed 200 OK in 36ms (Views: 35.1ms | ActiveRecord: 0.2ms)


Started GET "/communication.js" for 117.205.22.53 at 2015-11-21 18:47:02 -0500

ActionController::RoutingError (No route matches [GET] "/communication.js"):
  actionpack (4.1.1) lib/action_dispatch/middleware/debug_exceptions.rb:21:in `call'
  actionpack (4.1.1) lib/action_dispatch/middleware/show_exceptions.rb:30:in `call'
  railties (4.1.1) lib/rails/rack/logger.rb:38:in `call_app'
  railties (4.1.1) lib/rails/rack/logger.rb:20:in `block in call'
  activesupport (4.1.1) lib/active_support/tagged_logging.rb:68:in `block in tagged'
  activesupport (4.1.1) lib/active_support/tagged_logging.rb:26:in `tagged'
  activesupport (4.1.1) lib/active_support/tagged_logging.rb:68:in `tagged'
  railties (4.1.1) lib/rails/rack/logger.rb:20:in `call'
  actionpack (4.1.1) lib/action_dispatch/middleware/request_id.rb:21:in `call'
  rack (1.5.2) lib/rack/methodoverride.rb:21:in `call'
  rack (1.5.2) lib/rack/runtime.rb:17:in `call'
  activesupport (4.1.1) lib/active_support/cache/strategy/local_cache_middleware.rb:26:in `call'
  rack (1.5.2) lib/rack/lock.rb:17:in `call'
  actionpack (4.1.1) lib/action_dispatch/middleware/static.rb:64:in `call'
  rack (1.5.2) lib/rack/sendfile.rb:112:in `call'
  railties (4.1.1) lib/rails/engine.rb:514:in `call'
  railties (4.1.1) lib/rails/application.rb:144:in `call'
  rack (1.5.2) lib/rack/lock.rb:17:in `call'
  rack (1.5.2) lib/rack/content_length.rb:14:in `call'
  rack (1.5.2) lib/rack/handler/webrick.rb:60:in `service'
  /usr/lib/ruby/2.0.0/webrick/httpserver.rb:138:in `service'
  /usr/lib/ruby/2.0.0/webrick/httpserver.rb:94:in `run'
  /usr/lib/ruby/2.0.0/webrick/server.rb:295:in `block in start_thread'


  Rendered /var/lib/gems/2.0.0/gems/actionpack-4.1.1/lib/action_dispatch/middleware/templates/rescues/_trace.html.erb (271.2ms)
  Rendered /var/lib/gems/2.0.0/gems/actionpack-4.1.1/lib/action_dispatch/middleware/templates/routes/_route.html.erb (74.1ms)
  Rendered /var/lib/gems/2.0.0/gems/actionpack-4.1.1/lib/action_dispatch/middleware/templates/routes/_table.html.erb (1.6ms)
  Rendered /var/lib/gems/2.0.0/gems/actionpack-4.1.1/lib/action_dispatch/middleware/templates/rescues/routing_error.html.erb within rescues/layout (768.1ms)


Started GET "/assets/turbolinks.js?body=1" for 117.205.22.53 at 2015-11-21 18:47:03 -0500


Started GET "/assets/jquery.js?body=1" for 117.205.22.53 at 2015-11-21 18:47:03 -0500


Started GET "/assets/application.css?body=1" for 117.205.22.53 at 2015-11-21 18:47:04 -0500


Started GET "/assets/jquery_ujs.js?body=1" for 117.205.22.53 at 2015-11-21 18:47:04 -0500


Started GET "/assets/messages.css?body=1" for 117.205.22.53 at 2015-11-21 18:47:04 -0500


Started GET "/assets/communication.js?body=1" for 117.205.22.53 at 2015-11-21 18:47:04 -0500


Started GET "/assets/messages.js?body=1" for 117.205.22.53 at 2015-11-21 18:47:04 -0500


Started GET "/assets/application.js?body=1" for 117.205.22.53 at 2015-11-21 18:47:04 -0500


Started GET "/messages?nonce=1448149622217" for 117.205.22.53 at 2015-11-21 18:48:32 -0500
Processing by MessagesController#index as HTML
  Parameters: {"nonce"=>"1448149622217"}
  [1m[36mMessage Load (0.2ms)[0m  [1mSELECT "messages".* FROM "messages"[0m
  Rendered messages/index.html.erb within layouts/application (1.5ms)
Completed 200 OK in 37ms (Views: 36.0ms | ActiveRecord: 0.2ms)


Started GET "/communication.js" for 117.205.22.53 at 2015-11-21 18:48:32 -0500

ActionController::RoutingError (No route matches [GET] "/communication.js"):
  actionpack (4.1.1) lib/action_dispatch/middleware/debug_exceptions.rb:21:in `call'
  actionpack (4.1.1) lib/action_dispatch/middleware/show_exceptions.rb:30:in `call'
  railties (4.1.1) lib/rails/rack/logger.rb:38:in `call_app'
  railties (4.1.1) lib/rails/rack/logger.rb:20:in `block in call'
  activesupport (4.1.1) lib/active_support/tagged_logging.rb:68:in `block in tagged'
  activesupport (4.1.1) lib/active_support/tagged_logging.rb:26:in `tagged'
  activesupport (4.1.1) lib/active_support/tagged_logging.rb:68:in `tagged'
  railties (4.1.1) lib/rails/rack/logger.rb:20:in `call'
  actionpack (4.1.1) lib/action_dispatch/middleware/request_id.rb:21:in `call'
  rack (1.5.2) lib/rack/methodoverride.rb:21:in `call'
  rack (1.5.2) lib/rack/runtime.rb:17:in `call'
  activesupport (4.1.1) lib/active_support/cache/strategy/local_cache_middleware.rb:26:in `call'
  rack (1.5.2) lib/rack/lock.rb:17:in `call'
  actionpack (4.1.1) lib/action_dispatch/middleware/static.rb:64:in `call'
  rack (1.5.2) lib/rack/sendfile.rb:112:in `call'
  railties (4.1.1) lib/rails/engine.rb:514:in `call'
  railties (4.1.1) lib/rails/application.rb:144:in `call'
  rack (1.5.2) lib/rack/lock.rb:17:in `call'
  rack (1.5.2) lib/rack/content_length.rb:14:in `call'
  rack (1.5.2) lib/rack/handler/webrick.rb:60:in `service'
  /usr/lib/ruby/2.0.0/webrick/httpserver.rb:138:in `service'
  /usr/lib/ruby/2.0.0/webrick/httpserver.rb:94:in `run'
  /usr/lib/ruby/2.0.0/webrick/server.rb:295:in `block in start_thread'


  Rendered /var/lib/gems/2.0.0/gems/actionpack-4.1.1/lib/action_dispatch/middleware/templates/rescues/_trace.html.erb (1.4ms)
  Rendered /var/lib/gems/2.0.0/gems/actionpack-4.1.1/lib/action_dispatch/middleware/templates/routes/_route.html.erb (1.0ms)
  Rendered /var/lib/gems/2.0.0/gems/actionpack-4.1.1/lib/action_dispatch/middleware/templates/routes/_table.html.erb (1.1ms)
  Rendered /var/lib/gems/2.0.0/gems/actionpack-4.1.1/lib/action_dispatch/middleware/templates/rescues/routing_error.html.erb within rescues/layout (51.3ms)


Started GET "/assets/messages.css?body=1" for 117.205.22.53 at 2015-11-21 18:48:32 -0500


Started GET "/assets/application.css?body=1" for 117.205.22.53 at 2015-11-21 18:48:32 -0500


Started GET "/assets/jquery_ujs.js?body=1" for 117.205.22.53 at 2015-11-21 18:48:32 -0500


Started GET "/assets/jquery.js?body=1" for 117.205.22.53 at 2015-11-21 18:48:32 -0500


Started GET "/assets/turbolinks.js?body=1" for 117.205.22.53 at 2015-11-21 18:48:32 -0500


Started GET "/assets/communication.js?body=1" for 117.205.22.53 at 2015-11-21 18:48:32 -0500


Started GET "/assets/messages.js?body=1" for 117.205.22.53 at 2015-11-21 18:48:33 -0500


Started GET "/assets/application.js?body=1" for 117.205.22.53 at 2015-11-21 18:48:33 -0500


Started GET "/messages?nonce=1448149683259" for 117.205.22.53 at 2015-11-21 18:49:32 -0500
Processing by MessagesController#index as HTML
  Parameters: {"nonce"=>"1448149683259"}
  [1m[35mMessage Load (0.2ms)[0m  SELECT "messages".* FROM "messages"
  Rendered messages/index.html.erb within layouts/application (1.2ms)
Completed 200 OK in 33ms (Views: 32.1ms | ActiveRecord: 0.2ms)


Started GET "/communication.js" for 117.205.22.53 at 2015-11-21 18:49:32 -0500

ActionController::RoutingError (No route matches [GET] "/communication.js"):
  actionpack (4.1.1) lib/action_dispatch/middleware/debug_exceptions.rb:21:in `call'
  actionpack (4.1.1) lib/action_dispatch/middleware/show_exceptions.rb:30:in `call'
  railties (4.1.1) lib/rails/rack/logger.rb:38:in `call_app'
  railties (4.1.1) lib/rails/rack/logger.rb:20:in `block in call'
  activesupport (4.1.1) lib/active_support/tagged_logging.rb:68:in `block in tagged'
  activesupport (4.1.1) lib/active_support/tagged_logging.rb:26:in `tagged'
  activesupport (4.1.1) lib/active_support/tagged_logging.rb:68:in `tagged'
  railties (4.1.1) lib/rails/rack/logger.rb:20:in `call'
  actionpack (4.1.1) lib/action_dispatch/middleware/request_id.rb:21:in `call'
  rack (1.5.2) lib/rack/methodoverride.rb:21:in `call'
  rack (1.5.2) lib/rack/runtime.rb:17:in `call'
  activesupport (4.1.1) lib/active_support/cache/strategy/local_cache_middleware.rb:26:in `call'
  rack (1.5.2) lib/rack/lock.rb:17:in `call'
  actionpack (4.1.1) lib/action_dispatch/middleware/static.rb:64:in `call'
  rack (1.5.2) lib/rack/sendfile.rb:112:in `call'
  railties (4.1.1) lib/rails/engine.rb:514:in `call'
  railties (4.1.1) lib/rails/application.rb:144:in `call'
  rack (1.5.2) lib/rack/lock.rb:17:in `call'
  rack (1.5.2) lib/rack/content_length.rb:14:in `call'
  rack (1.5.2) lib/rack/handler/webrick.rb:60:in `service'
  /usr/lib/ruby/2.0.0/webrick/httpserver.rb:138:in `service'
  /usr/lib/ruby/2.0.0/webrick/httpserver.rb:94:in `run'
  /usr/lib/ruby/2.0.0/webrick/server.rb:295:in `block in start_thread'


  Rendered /var/lib/gems/2.0.0/gems/actionpack-4.1.1/lib/action_dispatch/middleware/templates/rescues/_trace.html.erb (0.9ms)
  Rendered /var/lib/gems/2.0.0/gems/actionpack-4.1.1/lib/action_dispatch/middleware/templates/routes/_route.html.erb (0.9ms)
  Rendered /var/lib/gems/2.0.0/gems/actionpack-4.1.1/lib/action_dispatch/middleware/templates/routes/_table.html.erb (0.9ms)
  Rendered /var/lib/gems/2.0.0/gems/actionpack-4.1.1/lib/action_dispatch/middleware/templates/rescues/routing_error.html.erb within rescues/layout (14.7ms)
